nohup: ignoring input
[resilient] Verifying GitHub PAT against https://github.com/ParkerWilliams/phi3-spectral-instability.git ...
[resilient] Auth OK.
[run-pilot] Step 1/3: HuggingFace auth check...
[check-hf-auth] No HF token found. microsoft/Phi-3-mini-128k-instruct is public, so it will still download — but possibly rate-limited.
For faster/unthrottled downloads, run `huggingface-cli login` or set HF_TOKEN before the run.
[run-pilot] Step 2/3: Pin model revision (idempotent)...
[run-pilot] Existing pin found at dataset/pinned_revision.json; skipping.
[run-pilot] Step 3/3: Run pilot (long step; ~72 GPU-hours budget)...
[pilot] fresh experiment branch experiment/pilot/2026-06-09-hotpot (no prior checkpoint on remote)
[pilot] Using microsoft/Phi-3-mini-128k-instruct @ f3c06aed
Generating train split:   0%|          | 0/90447 [00:00<?, ? examples/s]Generating train split:   1%|          | 1000/90447 [00:00<00:16, 5536.84 examples/s]Generating train split:  18%|█▊        | 16000/90447 [00:00<00:01, 65620.89 examples/s]Generating train split:  30%|██▉       | 27000/90447 [00:00<00:00, 78526.62 examples/s]Generating train split:  42%|████▏     | 38000/90447 [00:00<00:00, 88481.37 examples/s]Generating train split:  59%|█████▉    | 53224/90447 [00:00<00:00, 92995.12 examples/s]Generating train split:  71%|███████   | 64224/90447 [00:00<00:00, 96447.07 examples/s]Generating train split:  85%|████████▌ | 77224/90447 [00:00<00:00, 103634.05 examples/s]Generating train split: 100%|██████████| 90447/90447 [00:01<00:00, 89906.31 examples/s] Generating train split: 100%|██████████| 90447/90447 [00:01<00:00, 73552.45 examples/s]
Generating validation split:   0%|          | 0/7405 [00:00<?, ? examples/s]Generating validation split: 100%|██████████| 7405/7405 [00:00<00:00, 71578.29 examples/s]Generating validation split: 100%|██████████| 7405/7405 [00:00<00:00, 21186.75 examples/s]
[pilot] Loaded 900 HotpotQA candidates from split=train (bin assigned post-hoc from measured distance)
[pilot] Loading Phi-3-mini-128k-instruct (~8 GB GPU memory at fp16)...
`torch_dtype` is deprecated! Use `dtype` instead!
Loading checkpoint shards:   0%|          | 0/2 [00:00<?, ?it/s]Loading checkpoint shards:  50%|█████     | 1/2 [00:00<00:00,  1.39it/s]Loading checkpoint shards: 100%|██████████| 2/2 [00:01<00:00,  1.92it/s]Loading checkpoint shards: 100%|██████████| 2/2 [00:01<00:00,  1.82it/s]
[pilot] 1/900 (bin B2) ...
The following generation flags are not valid and may be ignored: ['temperature']. Set `TRANSFORMERS_VERBOSITY=info` for more details.
[pilot] 2/900 (bin B2) ...
[pilot] 3/900 (bin B1) ...
[pilot] 4/900 (bin B1) ...
[pilot] 5/900 (bin B1) ...
[pilot] 6/900 (bin B1) ...
[pilot] 7/900 (bin B1) ...
[pilot] 8/900 (bin B1) ...
[pilot] 9/900 (bin B1) ...
[pilot] 10/900 (bin B2) ...
[pilot] 11/900 (bin B2) ...
[pilot] 12/900 (bin B1) ...
[pilot] 13/900 (bin B2) ...
[pilot] 14/900 (bin B2) ...
[pilot] 15/900 (bin B3) ...
[pilot] 16/900 (bin B3) ...
[pilot] 17/900 (bin B1) ...
[pilot] 18/900 (bin B1) ...
[pilot] 19/900 (bin B1) ...
[pilot] 20/900 (bin B1) ...
[pilot] 21/900 (bin B2) ...
[pilot] 22/900 (bin B1) ...
[pilot] 23/900 (bin B1) ...
[pilot] 24/900 (bin B1) ...
[pilot] 25/900 (bin B3) ...
[main 49829b3] ckpt: 25/900 events (resumed=0)
 2 files changed, 48 insertions(+)
 create mode 100644 experiment_artifacts/log/pilot_run.log
 create mode 100644 experiment_artifacts/progress.json
remote: Invalid username or token. Password authentication is not supported for Git operations.
fatal: Authentication failed for 'https://github.com/ParkerWilliams/phi3-spectral-instability.git/'
[pilot] checkpoint FAILED (Command '['git', '-C', '/workspace/phi3-spectral-instability', 'push', 'https://x-access-token:PASTE_REAL_PAT_HERE@github.com/ParkerWilliams/phi3-spectral-instability.git', 'HEAD:experiment/pilot/2026-06-09-hotpot']' returned non-zero exit status 128.); continuing
[pilot] 26/900 (bin B1) ...
[pilot] 27/900 (bin B2) ...
[pilot] 28/900 (bin B2) ...
[pilot] 29/900 (bin B2) ...
[pilot] 30/900 (bin B1) ...
[pilot] 31/900 (bin B1) ...
[pilot] 32/900 (bin B2) ...
[pilot] 33/900 (bin B1) ...
[pilot] 34/900 (bin B1) ...
[pilot] 35/900 (bin B4) ...
[pilot] 36/900 (bin B2) ...
[pilot] 37/900 (bin B2) ...
[pilot] 38/900 (bin B2) ...
[pilot] 39/900 (bin B1) ...
[pilot] 40/900 (bin B1) ...
[pilot] 41/900 (bin B1) ...
[pilot] 42/900 (bin B1) ...
[pilot] 43/900 (bin B1) ...
[pilot] 44/900 (bin B3) ...
[pilot] 45/900 (bin B1) ...
[pilot] 46/900 (bin B2) ...
[pilot] 47/900 (bin B2) ...
[pilot] 48/900 (bin B2) ...
[pilot] 49/900 (bin B1) ...
[pilot] 50/900 (bin B1) ...
[main 8cb87c6] ckpt: 50/900 events (resumed=0)
 2 files changed, 33 insertions(+), 1 deletion(-)
remote: Invalid username or token. Password authentication is not supported for Git operations.
fatal: Authentication failed for 'https://github.com/ParkerWilliams/phi3-spectral-instability.git/'
[pilot] checkpoint FAILED (Command '['git', '-C', '/workspace/phi3-spectral-instability', 'push', 'https://x-access-token:PASTE_REAL_PAT_HERE@github.com/ParkerWilliams/phi3-spectral-instability.git', 'HEAD:experiment/pilot/2026-06-09-hotpot']' returned non-zero exit status 128.); continuing
[pilot] 51/900 (bin B2) ...
[pilot] 52/900 (bin B2) ...
[pilot] 53/900 (bin B3) ...
[pilot] 54/900 (bin B1) ...
[pilot] 55/900 (bin B2) ...
[pilot] 56/900 (bin B1) ...
[pilot] 57/900 (bin B1) ...
[pilot] 58/900 (bin B1) ...
[pilot] 59/900 (bin B2) ...
[pilot] 60/900 (bin B3) ...
[pilot] 61/900 (bin B1) ...
[pilot] 62/900 (bin B2) ...
[pilot] 63/900 (bin B2) ...
[pilot] 64/900 (bin B1) ...
[pilot] 65/900 (bin B2) ...
[pilot] 66/900 (bin B1) ...
[pilot] 67/900 (bin B1) ...
[pilot] 68/900 (bin B2) ...
[pilot] 69/900 (bin B2) ...
[pilot] 70/900 (bin B1) ...
[pilot] 71/900 (bin B1) ...
[pilot] 72/900 (bin B1) ...
[pilot] 73/900 (bin B1) ...
[pilot] 74/900 (bin B1) ...
[pilot] 75/900 (bin B1) ...
[main 2c184e6] ckpt: 75/900 events (resumed=0)
 2 files changed, 31 insertions(+), 1 deletion(-)
remote: Invalid username or token. Password authentication is not supported for Git operations.
fatal: Authentication failed for 'https://github.com/ParkerWilliams/phi3-spectral-instability.git/'
[pilot] checkpoint FAILED (Command '['git', '-C', '/workspace/phi3-spectral-instability', 'push', 'https://x-access-token:PASTE_REAL_PAT_HERE@github.com/ParkerWilliams/phi3-spectral-instability.git', 'HEAD:experiment/pilot/2026-06-09-hotpot']' returned non-zero exit status 128.); continuing
[pilot] 76/900 (bin B2) ...
[pilot] 77/900 (bin B2) ...
[pilot] 78/900 (bin B2) ...
[pilot] 79/900 (bin B1) ...
[pilot] 80/900 (bin B1) ...
[pilot] 81/900 (bin B1) ...
[pilot] 82/900 (bin B1) ...
[pilot] 83/900 (bin B1) ...
[pilot] 84/900 (bin B1) ...
[pilot] 85/900 (bin B1) ...
[pilot] 86/900 (bin B2) ...
[pilot] 87/900 (bin B1) ...
[pilot] 88/900 (bin B3) ...
[pilot] 89/900 (bin B4) ...
[pilot] 90/900 (bin B1) ...
[pilot] 91/900 (bin B2) ...
[pilot] 92/900 (bin B1) ...
[pilot] 93/900 (bin B2) ...
[pilot] 94/900 (bin B1) ...
[pilot] 95/900 (bin B1) ...
[pilot] 96/900 (bin B1) ...
[pilot] 97/900 (bin B1) ...
[pilot] 98/900 (bin B1) ...
[pilot] 99/900 (bin B1) ...
[pilot] 100/900 (bin B2) ...
[main 1f0b493] ckpt: 100/900 events (resumed=0)
 2 files changed, 31 insertions(+), 1 deletion(-)
remote: Invalid username or token. Password authentication is not supported for Git operations.
fatal: Authentication failed for 'https://github.com/ParkerWilliams/phi3-spectral-instability.git/'
[pilot] checkpoint FAILED (Command '['git', '-C', '/workspace/phi3-spectral-instability', 'push', 'https://x-access-token:PASTE_REAL_PAT_HERE@github.com/ParkerWilliams/phi3-spectral-instability.git', 'HEAD:experiment/pilot/2026-06-09-hotpot']' returned non-zero exit status 128.); continuing
[pilot] 101/900 (bin B1) ...
[pilot] 102/900 (bin B1) ...
[pilot] 103/900 (bin B3) ...
[pilot] 104/900 (bin B1) ...
[pilot] 105/900 (bin B1) ...
[pilot] 106/900 (bin B1) ...
[pilot] 107/900 (bin B3) ...
[pilot] 108/900 (bin B3) ...
[pilot] 109/900 (bin B1) ...
[pilot] 110/900 (bin B1) ...
[pilot] 111/900 (bin B2) ...
[pilot] 112/900 (bin B1) ...
[pilot] 113/900 (bin B1) ...
[pilot] 114/900 (bin B1) ...
[pilot] 115/900 (bin B3) ...
[pilot] 116/900 (bin B2) ...
[pilot] 117/900 (bin B1) ...
[pilot] 118/900 (bin B3) ...
[pilot] 119/900 (bin B2) ...
[pilot] 120/900 (bin B1) ...
[pilot] 121/900 (bin B2) ...
[pilot] 122/900 (bin B3) ...
[pilot] 123/900 (bin B1) ...
[pilot] 124/900 (bin B1) ...
[pilot] 125/900 (bin B2) ...
[main 55e5423] ckpt: 125/900 events (resumed=0)
 2 files changed, 31 insertions(+), 1 deletion(-)
remote: Invalid username or token. Password authentication is not supported for Git operations.
fatal: Authentication failed for 'https://github.com/ParkerWilliams/phi3-spectral-instability.git/'
[pilot] checkpoint FAILED (Command '['git', '-C', '/workspace/phi3-spectral-instability', 'push', 'https://x-access-token:PASTE_REAL_PAT_HERE@github.com/ParkerWilliams/phi3-spectral-instability.git', 'HEAD:experiment/pilot/2026-06-09-hotpot']' returned non-zero exit status 128.); continuing
[pilot] 126/900 (bin B3) ...
[pilot] 127/900 (bin B3) ...
[pilot] 128/900 (bin B1) ...
[pilot] 129/900 (bin B2) ...
[pilot] 130/900 (bin B1) ...
[pilot] 131/900 (bin B1) ...
[pilot] 132/900 (bin B1) ...
[pilot] 133/900 (bin B1) ...
[pilot] 134/900 (bin B1) ...
[pilot] 135/900 (bin B1) ...
[pilot] 136/900 (bin B1) ...
[pilot] 137/900 (bin B1) ...
[pilot] 138/900 (bin B2) ...
[pilot] 139/900 (bin B2) ...
[pilot] 140/900 (bin B1) ...
[pilot] 141/900 (bin B2) ...
[pilot] 142/900 (bin B1) ...
[pilot] 143/900 (bin B2) ...
[pilot] 144/900 (bin B2) ...
[pilot] 145/900 (bin B1) ...
[pilot] 146/900 (bin B2) ...
[pilot] 147/900 (bin B1) ...
[pilot] 148/900 (bin B2) ...
[pilot] 149/900 (bin B1) ...
[pilot] 150/900 (bin B1) ...
[main 1f2e9f7] ckpt: 150/900 events (resumed=0)
 2 files changed, 31 insertions(+), 1 deletion(-)
remote: Invalid username or token. Password authentication is not supported for Git operations.
fatal: Authentication failed for 'https://github.com/ParkerWilliams/phi3-spectral-instability.git/'
[pilot] checkpoint FAILED (Command '['git', '-C', '/workspace/phi3-spectral-instability', 'push', 'https://x-access-token:PASTE_REAL_PAT_HERE@github.com/ParkerWilliams/phi3-spectral-instability.git', 'HEAD:experiment/pilot/2026-06-09-hotpot']' returned non-zero exit status 128.); continuing
[pilot] 151/900 (bin B2) ...
[pilot] 152/900 (bin B1) ...
[pilot] 153/900 (bin B3) ...
[pilot] 154/900 (bin B3) ...
[pilot] 155/900 (bin B3) ...
[pilot] 156/900 (bin B3) ...
[pilot] 157/900 (bin B1) ...
[pilot] 158/900 (bin B1) ...
[pilot] 159/900 (bin B1) ...
[pilot] 160/900 (bin B1) ...
[pilot] 161/900 (bin B2) ...
[pilot] 162/900 (bin B1) ...
[pilot] 163/900 (bin B1) ...
[pilot] 164/900 (bin B1) ...
[pilot] 165/900 (bin B2) ...
[pilot] 166/900 (bin B1) ...
[pilot] 167/900 (bin B1) ...
[pilot] 168/900 (bin B1) ...
[pilot] 169/900 (bin B4) ...
[pilot] 170/900 (bin B2) ...
[pilot] 171/900 (bin B3) ...
[pilot] 172/900 (bin B1) ...
[pilot] 173/900 (bin B1) ...
[pilot] 174/900 (bin B1) ...
[pilot] 175/900 (bin B1) ...
[main ad19e53] ckpt: 175/900 events (resumed=0)
 2 files changed, 31 insertions(+), 1 deletion(-)
remote: Invalid username or token. Password authentication is not supported for Git operations.
fatal: Authentication failed for 'https://github.com/ParkerWilliams/phi3-spectral-instability.git/'
[pilot] checkpoint FAILED (Command '['git', '-C', '/workspace/phi3-spectral-instability', 'push', 'https://x-access-token:PASTE_REAL_PAT_HERE@github.com/ParkerWilliams/phi3-spectral-instability.git', 'HEAD:experiment/pilot/2026-06-09-hotpot']' returned non-zero exit status 128.); continuing
[pilot] 176/900 (bin B2) ...
[pilot] 177/900 (bin B3) ...
[pilot] 178/900 (bin B1) ...
[pilot] 179/900 (bin B1) ...
[pilot] 180/900 (bin B1) ...
[pilot] 181/900 (bin B2) ...
[pilot] 182/900 (bin B2) ...
[pilot] 183/900 (bin B1) ...
[pilot] 184/900 (bin B2) ...
[pilot] 185/900 (bin B1) ...
[pilot] 186/900 (bin B3) ...
[pilot] 187/900 (bin B2) ...
[pilot] 188/900 (bin B3) ...
[pilot] 189/900 (bin B2) ...
[pilot] 190/900 (bin B1) ...
[pilot] 191/900 (bin B2) ...
[pilot] 192/900 (bin B1) ...
[pilot] 193/900 (bin B3) ...
[pilot] 194/900 (bin B1) ...
[pilot] 195/900 (bin B1) ...
[pilot] 196/900 (bin B1) ...
[pilot] 197/900 (bin B1) ...
[pilot] 198/900 (bin B1) ...
[pilot] 199/900 (bin B1) ...
[pilot] 200/900 (bin B2) ...
[main 4c05633] ckpt: 200/900 events (resumed=0)
 2 files changed, 31 insertions(+), 1 deletion(-)
remote: Invalid username or token. Password authentication is not supported for Git operations.
fatal: Authentication failed for 'https://github.com/ParkerWilliams/phi3-spectral-instability.git/'
[pilot] checkpoint FAILED (Command '['git', '-C', '/workspace/phi3-spectral-instability', 'push', 'https://x-access-token:PASTE_REAL_PAT_HERE@github.com/ParkerWilliams/phi3-spectral-instability.git', 'HEAD:experiment/pilot/2026-06-09-hotpot']' returned non-zero exit status 128.); continuing
[pilot] 201/900 (bin B1) ...
[pilot] 202/900 (bin B1) ...
[pilot] 203/900 (bin B2) ...
[pilot] 204/900 (bin B1) ...
[pilot] 205/900 (bin B1) ...
[pilot] 206/900 (bin B2) ...
[pilot] 207/900 (bin B1) ...
[pilot] 208/900 (bin B3) ...
[pilot] 209/900 (bin B1) ...
[pilot] 210/900 (bin B3) ...
[pilot] 211/900 (bin B2) ...
[pilot] 212/900 (bin B2) ...
[pilot] 213/900 (bin B3) ...
[pilot] 214/900 (bin B1) ...
[pilot] 215/900 (bin B1) ...
[pilot] 216/900 (bin B1) ...
[pilot] 217/900 (bin B1) ...
[pilot] 218/900 (bin B2) ...
[pilot] 219/900 (bin B2) ...
[pilot] 220/900 (bin B2) ...
[pilot] 221/900 (bin B1) ...
[pilot] 222/900 (bin B1) ...
[pilot] 223/900 (bin B1) ...
[pilot] 224/900 (bin B3) ...
[pilot] 225/900 (bin B1) ...
[main 0a06e15] ckpt: 225/900 events (resumed=0)
 2 files changed, 31 insertions(+), 1 deletion(-)
remote: Invalid username or token. Password authentication is not supported for Git operations.
fatal: Authentication failed for 'https://github.com/ParkerWilliams/phi3-spectral-instability.git/'
[pilot] checkpoint FAILED (Command '['git', '-C', '/workspace/phi3-spectral-instability', 'push', 'https://x-access-token:PASTE_REAL_PAT_HERE@github.com/ParkerWilliams/phi3-spectral-instability.git', 'HEAD:experiment/pilot/2026-06-09-hotpot']' returned non-zero exit status 128.); continuing
[pilot] 226/900 (bin B3) ...
[pilot] 227/900 (bin B3) ...
[pilot] 228/900 (bin B1) ...
[pilot] 229/900 (bin B2) ...
[pilot] 230/900 (bin B3) ...
[pilot] 231/900 (bin B1) ...
[pilot] 232/900 (bin B1) ...
[pilot] 233/900 (bin B2) ...
[pilot] 234/900 (bin B1) ...
[pilot] 235/900 (bin B2) ...
[pilot] 236/900 (bin B2) ...
[pilot] 237/900 (bin B2) ...
[pilot] 238/900 (bin B2) ...
[pilot] 239/900 (bin B1) ...
[pilot] 240/900 (bin B1) ...
[pilot] 241/900 (bin B1) ...
[pilot] 242/900 (bin B1) ...
[pilot] 243/900 (bin B1) ...
[pilot] 244/900 (bin B3) ...
[pilot] 245/900 (bin B1) ...
[pilot] 246/900 (bin B2) ...
[pilot] 247/900 (bin B1) ...
[pilot] 248/900 (bin B3) ...
[pilot] 249/900 (bin B1) ...
[pilot] 250/900 (bin B2) ...
[main 0b247bc] ckpt: 250/900 events (resumed=0)
 2 files changed, 31 insertions(+), 1 deletion(-)
remote: Invalid username or token. Password authentication is not supported for Git operations.
fatal: Authentication failed for 'https://github.com/ParkerWilliams/phi3-spectral-instability.git/'
[pilot] checkpoint FAILED (Command '['git', '-C', '/workspace/phi3-spectral-instability', 'push', 'https://x-access-token:PASTE_REAL_PAT_HERE@github.com/ParkerWilliams/phi3-spectral-instability.git', 'HEAD:experiment/pilot/2026-06-09-hotpot']' returned non-zero exit status 128.); continuing
[pilot] 251/900 (bin B1) ...
[pilot] 252/900 (bin B1) ...
[pilot] 253/900 (bin B1) ...
[pilot] 254/900 (bin B1) ...
[pilot] 255/900 (bin B1) ...
[pilot] 256/900 (bin B3) ...
[pilot] 257/900 (bin B1) ...
[pilot] 258/900 (bin B3) ...
[pilot] 259/900 (bin B3) ...
[pilot] 260/900 (bin B2) ...
[pilot] 261/900 (bin B1) ...
[pilot] 262/900 (bin B1) ...
[pilot] 263/900 (bin B1) ...
[pilot] 264/900 (bin B1) ...
[pilot] 265/900 (bin B1) ...
[pilot] 266/900 (bin B1) ...
[pilot] 267/900 (bin B3) ...
[pilot] 268/900 (bin B1) ...
[pilot] 269/900 (bin B2) ...
[pilot] 270/900 (bin B1) ...
[pilot] 271/900 (bin B1) ...
[pilot] 272/900 (bin B1) ...
[pilot] 273/900 (bin B1) ...
[pilot] 274/900 (bin B1) ...
[pilot] 275/900 (bin B3) ...
[main 7298c9a] ckpt: 275/900 events (resumed=0)
 2 files changed, 31 insertions(+), 1 deletion(-)
remote: Invalid username or token. Password authentication is not supported for Git operations.
fatal: Authentication failed for 'https://github.com/ParkerWilliams/phi3-spectral-instability.git/'
[pilot] checkpoint FAILED (Command '['git', '-C', '/workspace/phi3-spectral-instability', 'push', 'https://x-access-token:PASTE_REAL_PAT_HERE@github.com/ParkerWilliams/phi3-spectral-instability.git', 'HEAD:experiment/pilot/2026-06-09-hotpot']' returned non-zero exit status 128.); continuing
[pilot] 276/900 (bin B2) ...
[pilot] 277/900 (bin B1) ...
[pilot] 278/900 (bin B2) ...
[pilot] 279/900 (bin B2) ...
[pilot] 280/900 (bin B3) ...
[pilot] 281/900 (bin B1) ...
[pilot] 282/900 (bin B1) ...
[pilot] 283/900 (bin B1) ...
[pilot] 284/900 (bin B1) ...
[pilot] 285/900 (bin B1) ...
[pilot] 286/900 (bin B1) ...
[pilot] 287/900 (bin B1) ...
[pilot] 288/900 (bin B1) ...
[pilot] 289/900 (bin B1) ...
[pilot] 290/900 (bin B1) ...
[pilot] 291/900 (bin B2) ...
[pilot] 292/900 (bin B1) ...
[pilot] 293/900 (bin B1) ...
[pilot] 294/900 (bin B1) ...
[pilot] 295/900 (bin B3) ...
[pilot] 296/900 (bin B2) ...
[pilot] 297/900 (bin B3) ...
[pilot] 298/900 (bin B1) ...
[pilot] 299/900 (bin B2) ...
[pilot] 300/900 (bin B3) ...
